<?xml version="1.0" encoding="UTF-8"?>
<testng-results ignored="0" total="1" passed="1" failed="0" skipped="0">
  <reporter-output>
  </reporter-output>
  <suite started-at="2023-01-10T09:55:34 IST" name="Suite" finished-at="2023-01-10T09:56:24 IST" duration-ms="49799">
    <groups>
    </groups>
    <test started-at="2023-01-10T09:55:34 IST" name="Test" finished-at="2023-01-10T09:56:24 IST" duration-ms="49799">
      <class name="Groupsix.Php">
        <test-method is-config="true" signature="setup()[pri:0, instance:Groupsix.Php@d29f28]" started-at="2023-01-10T09:55:34 IST" name="setup" finished-at="2023-01-10T09:55:35 IST" duration-ms="509" status="PASS">
          <reporter-output>
          </reporter-output>
        </test-method> <!-- setup -->
        <test-method signature="travels()[pri:0, instance:Groupsix.Php@d29f28]" started-at="2023-01-10T09:55:35 IST" name="travels" finished-at="2023-01-10T09:56:24 IST" duration-ms="48695" status="PASS">
          <reporter-output>
          </reporter-output>
        </test-method> <!-- travels -->
        <test-method is-config="true" signature="closetest()[pri:0, instance:Groupsix.Php@d29f28]" started-at="2023-01-10T09:56:24 IST" name="closetest" finished-at="2023-01-10T09:56:24 IST" duration-ms="524" status="PASS">
          <reporter-output>
          </reporter-output>
        </test-method> <!-- closetest -->
      </class> <!-- Groupsix.Php -->
    </test> <!-- Test -->
  </suite> <!-- Suite -->
</testng-results>
